Initializing OpenTelemetry tracing... {
  serviceName: 'caddy-shopping-site',
  environment: 'development',
  jaegerEnabled: false,
  zipkinEnabled: false,
  consoleEnabled: true
}
OpenTelemetry tracing initialized successfully
[32m[Nest] 9116  - [39m2025/10/07 17:57:32 [32m    LOG[39m [38;5;3m[NestFactory] [39m[32mStarting Nest application...[39m
[32m[Nest] 9116  - [39m2025/10/07 17:57:32 [32m    LOG[39m [38;5;3m[CircuitBreakerModule] [39m[32mç†”æ–­å™¨æ¨¡å—å·²åˆå§‹åŒ–[39m
[32m[Nest] 9116  - [39m2025/10/07 17:57:32 [32m    LOG[39m [38;5;3m[CircuitBreakerModule] [39m[32måŠŸèƒ½åŒ…æ‹¬ï¼š[39m
[32m[Nest] 9116  - [39m2025/10/07 17:57:32 [32m    LOG[39m [38;5;3m[CircuitBreakerModule] [39m[32m  - æœåŠ¡ç†”æ–­ä¿æŠ¤[39m
[32m[Nest] 9116  - [39m2025/10/07 17:57:32 [32m    LOG[39m [38;5;3m[CircuitBreakerModule] [39m[32m  - è‡ªåŠ¨æ•…éšœæ£€æµ‹[39m
[32m[Nest] 9116  - [39m2025/10/07 17:57:32 [32m    LOG[39m [38;5;3m[CircuitBreakerModule] [39m[32m  - æ™ºèƒ½æ¢å¤æœºåˆ¶[39m
[32m[Nest] 9116  - [39m2025/10/07 17:57:32 [32m    LOG[39m [38;5;3m[CircuitBreakerModule] [39m[32m  - å®æ—¶çŠ¶æ€ç›‘æ§[39m
[32m[Nest] 9116  - [39m2025/10/07 17:57:32 [32m    LOG[39m [38;5;3m[CircuitBreakerModule] [39m[32m  - APIç®¡ç†æ¥å£[39m
[32m[Nest] 9116  - [39m2025/10/07 17:57:32 [32m    LOG[39m [38;5;3m[InstanceLoader] [39m[32mTypeOrmModule dependencies initialized[39m[38;5;3m +0ms[39m
[32m[Nest] 9116  - [39m2025/10/07 17:57:32 [32m    LOG[39m [38;5;3m[InstanceLoader] [39m[32mTypeOrmModule dependencies initialized[39m[38;5;3m +0ms[39m
[32m[Nest] 9116  - [39m2025/10/07 17:57:32 [32m    LOG[39m [38;5;3m[InstanceLoader] [39m[32mMessagingModule dependencies initialized[39m[38;5;3m +1ms[39m
[32m[Nest] 9116  - [39m2025/10/07 17:57:32 [32m    LOG[39m [38;5;3m[InstanceLoader] [39m[32mPassportModule dependencies initialized[39m[38;5;3m +0ms[39m
[32m[Nest] 9116  - [39m2025/10/07 17:57:32 [32m    LOG[39m [38;5;3m[InstanceLoader] [39m[32mConfigHostModule dependencies initialized[39m[38;5;3m +0ms[39m
[32m[Nest] 9116  - [39m2025/10/07 17:57:32 [32m    LOG[39m [38;5;3m[InstanceLoader] [39m[32mHttpModule dependencies initialized[39m[38;5;3m +0ms[39m
[32m[Nest] 9116  - [39m2025/10/07 17:57:32 [32m    LOG[39m [38;5;3m[InstanceLoader] [39m[32mDiscoveryModule dependencies initialized[39m[38;5;3m +0ms[39m
